<?xml version="1.0" encoding="UTF-8"?>
<testng-results ignored="0" total="1" passed="1" failed="0" skipped="0">
  <reporter-output>
  </reporter-output>
  <suite started-at="2020-09-17T12:15:38Z" name="Default suite" finished-at="2020-09-17T12:16:06Z" duration-ms="28101">
    <groups>
    </groups>
    <test started-at="2020-09-17T12:15:38Z" name="Default test" finished-at="2020-09-17T12:16:06Z" duration-ms="28101">
      <class name="com.Olybet.testCases.LoginTestsCases">
        <test-method is-config="true" signature="setup()[pri:0, instance:com.Olybet.testCases.LoginTestsCases@6b927fb]" started-at="2020-09-17T12:15:38Z" name="setup" finished-at="2020-09-17T12:15:44Z" duration-ms="6107" status="PASS">
          <reporter-output>
          </reporter-output>
        </test-method> <!-- setup -->
        <test-method signature="loginTest()[pri:0, instance:com.Olybet.testCases.LoginTestsCases@6b927fb]" started-at="2020-09-17T12:15:44Z" name="loginTest" finished-at="2020-09-17T12:16:00Z" duration-ms="16269" status="PASS">
          <reporter-output>
          </reporter-output>
        </test-method> <!-- loginTest -->
        <test-method is-config="true" signature="tearDown()[pri:0, instance:com.Olybet.testCases.LoginTestsCases@6b927fb]" started-at="2020-09-17T12:16:00Z" name="tearDown" finished-at="2020-09-17T12:16:06Z" duration-ms="5704" status="PASS">
          <reporter-output>
          </reporter-output>
        </test-method> <!-- tearDown -->
      </class> <!-- com.Olybet.testCases.LoginTestsCases -->
    </test> <!-- Default test -->
  </suite> <!-- Default suite -->
</testng-results>
