<?xml version="1.0" encoding="UTF-8"?>
<testng-results ignored="0" total="1" passed="1" failed="0" skipped="0">
  <reporter-output>
  </reporter-output>
  <suite started-at="2020-09-17T20:01:46Z" name="Default suite" finished-at="2020-09-17T20:02:14Z" duration-ms="27715">
    <groups>
    </groups>
    <test started-at="2020-09-17T20:01:46Z" name="Default test" finished-at="2020-09-17T20:02:14Z" duration-ms="27715">
      <class name="com.Olybet.testCases.LoginTestsCases">
        <test-method is-config="true" signature="setup()[pri:0, instance:com.Olybet.testCases.LoginTestsCases@305b7c14]" started-at="2020-09-17T20:01:46Z" name="setup" finished-at="2020-09-17T20:01:52Z" duration-ms="6022" status="PASS">
          <reporter-output>
          </reporter-output>
        </test-method> <!-- setup -->
        <test-method signature="loginTest()[pri:0, instance:com.Olybet.testCases.LoginTestsCases@305b7c14]" started-at="2020-09-17T20:01:52Z" name="loginTest" finished-at="2020-09-17T20:02:08Z" duration-ms="15826" status="PASS">
          <reporter-output>
          </reporter-output>
        </test-method> <!-- loginTest -->
        <test-method is-config="true" signature="tearDown()[pri:0, instance:com.Olybet.testCases.LoginTestsCases@305b7c14]" started-at="2020-09-17T20:02:08Z" name="tearDown" finished-at="2020-09-17T20:02:14Z" duration-ms="5841" status="PASS">
          <reporter-output>
          </reporter-output>
        </test-method> <!-- tearDown -->
      </class> <!-- com.Olybet.testCases.LoginTestsCases -->
    </test> <!-- Default test -->
  </suite> <!-- Default suite -->
</testng-results>
